<?xml version="1.0" encoding="UTF-8"?>
<!-- Generated by org.testng.reporters.JUnitReportReporter -->
<testsuite skipped="0" hostname="Suryas-MBP" name="seleniumtest.tasks.AppTest" tests="1" failures="0" timestamp="25 Sep 2018 23:36:55 GMT" time="7.504" errors="0">
  <testcase name="verifyOpenShiftTasksPageTittle" time="7.504" classname="seleniumtest.tasks.AppTest"/>
</testsuite> <!-- seleniumtest.tasks.AppTest -->
